Using pre-set license
Built from '2020.3/release' branch; Version is '2020.3.7f1 (dd97f2c94397) revision 14522354'; Using compiler version '192528614'; Build Type 'Release'
OS: 'Windows 10 Home; OS build 19042.985; Version 2009; 64bit' Language: 'pt' Physical Memory: 12121 MB
BatchMode: 1, IsHumanControllingUs: 0, StartBugReporterOnCrash: 0, Is64bit: 1, IsPro: 0

 COMMAND LINE ARGUMENTS:
C:\Program Files\Unity\Hub\Editor\2020.3.5f1\Editor\Unity.exe
-adb2
-batchMode
-noUpm
-name
AssetImportWorker0
-projectPath
C:/Users/User/Desktop/Morpho
-logFile
Logs/AssetImportWorker0.log
-srvPort
50921
Successfully changed project path to: C:/Users/User/Desktop/Morpho
C:/Users/User/Desktop/Morpho
Using Asset Import Pipeline V2.
Refreshing native plugins compatible for Editor in 122.72 ms, found 0 plugins.
Preloading 0 native plugins for Editor in 0.00 ms.
Initialize engine version: 2020.3.7f1 (dd97f2c94397)
[Subsystems] Discovering subsystems at path C:/Program Files/Unity/Hub/Editor/2020.3.5f1/Editor/Data/Resources/UnitySubsystems
[Subsystems] Discovering subsystems at path C:/Users/User/Desktop/Morpho/Assets
GfxDevice: creating device client; threaded=0
Direct3D:
    Version:  Direct3D 11.0 [level 11.1]
    Renderer: NVIDIA GeForce MX330 (ID=0x1d16)
    Vendor:   
    VRAM:     1983 MB
    Driver:   27.21.14.5256
Shader 'Universal Render Pipeline/Particles/Lit': fallback shader 'Universal Render Pipeline/Particles/SimpleLit' not found
Initialize mono
Mono path[0] = 'C:/Program Files/Unity/Hub/Editor/2020.3.5f1/Editor/Data/Managed'
Mono path[1] = 'C:/Program Files/Unity/Hub/Editor/2020.3.5f1/Editor/Data/MonoBleedingEdge/lib/mono/unityjit'
Mono config path = 'C:/Program Files/Unity/Hub/Editor/2020.3.5f1/Editor/Data/MonoBleedingEdge/etc'
Using monoOptions --debugger-agent=transport=dt_socket,embedding=1,server=y,suspend=n,address=127.0.0.1:56348
Begin MonoManager ReloadAssembly
Registering precompiled unity dll's ...
Register platform support module: C:/Program Files/Unity/Hub/Editor/2020.3.5f1/Editor/Data/PlaybackEngines/WindowsStandaloneSupport/UnityEditor.WindowsStandalone.Extensions.dll
Registered in 0.004202 seconds.
Native extension for WindowsStandalone target not found
Refreshing native plugins compatible for Editor in 105.27 ms, found 0 plugins.
Preloading 0 native plugins for Editor in 0.00 ms.
Mono: successfully reloaded assembly
- Completed reload, in  2.442 seconds
Platform modules already initialized, skipping
Registering precompiled user dll's ...
Registered in 0.002286 seconds.
Begin MonoManager ReloadAssembly
Native extension for WindowsStandalone target not found
Refreshing native plugins compatible for Editor in 102.96 ms, found 0 plugins.
Preloading 0 native plugins for Editor in 0.00 ms.
Mono: successfully reloaded assembly
- Completed reload, in  2.367 seconds
Platform modules already initialized, skipping
========================================================================
Worker process is ready to serve import requests
Shader 'Universal Render Pipeline/Particles/Lit': fallback shader 'Universal Render Pipeline/Particles/SimpleLit' not found
Launched and connected shader compiler UnityShaderCompiler.exe after 0.08 seconds
Refreshing native plugins compatible for Editor in 0.70 ms, found 0 plugins.
Preloading 0 native plugins for Editor in 0.00 ms.
Unloading 2421 Unused Serialized files (Serialized files now loaded: 0)
System memory in use before: 114.2 MB.
System memory in use after: 114.4 MB.

Unloading 10 unused Assets to reduce memory usage. Loaded Objects now: 2864.
Total: 4.329300 ms (FindLiveObjects: 0.366300 ms CreateObjectMapping: 0.202500 ms MarkObjects: 3.631100 ms  DeleteObjects: 0.127500 ms)

========================================================================
Received Import Request.
  path: Assets/Meshtint Free Chick Mega Toon Series/FBX
  artifactKey: Guid(6b1a8d3fc034dd44fb412e4fae5f2722) Importer(815301076,1909f56bfc062723c751e8b465ee728b)
Start importing Assets/Meshtint Free Chick Mega Toon Series/FBX using Guid(6b1a8d3fc034dd44fb412e4fae5f2722) Importer(815301076,1909f56bfc062723c751e8b465ee728b)  -> (artifact id: 'f010bd5ba0e9387a31ddb24b7fc3fe64') in 0.071859 seconds
  Import took 0.082166 seconds .

========================================================================
Received Import Request.
  Time since last request: 0.000530 seconds.
  path: Assets/Meshtint Free Chick Mega Toon Series
  artifactKey: Guid(6cdd9db79ed8f90498d28a6476d762e4) Importer(815301076,1909f56bfc062723c751e8b465ee728b)
Start importing Assets/Meshtint Free Chick Mega Toon Series using Guid(6cdd9db79ed8f90498d28a6476d762e4) Importer(815301076,1909f56bfc062723c751e8b465ee728b)  -> (artifact id: 'aa1f2a84b24d9b43210f131a009aa43e') in 0.017344 seconds
  Import took 0.027132 seconds .

========================================================================
Received Import Request.
  Time since last request: 13.286843 seconds.
  path: Assets/Little Chick
  artifactKey: Guid(6cdd9db79ed8f90498d28a6476d762e4) Importer(815301076,1909f56bfc062723c751e8b465ee728b)
Start importing Assets/Little Chick using Guid(6cdd9db79ed8f90498d28a6476d762e4) Importer(815301076,1909f56bfc062723c751e8b465ee728b)  -> (artifact id: 'a25932ad2de3960e24afb361e5efb868') in 0.014383 seconds
  Import took 0.021972 seconds .

========================================================================
Received Import Request.
  Time since last request: 4.793395 seconds.
  path: Assets/Little Chick/Animations
  artifactKey: Guid(f5ee4e8863827a54ba41eabb6629e756) Importer(815301076,1909f56bfc062723c751e8b465ee728b)
Start importing Assets/Little Chick/Animations using Guid(f5ee4e8863827a54ba41eabb6629e756) Importer(815301076,1909f56bfc062723c751e8b465ee728b)  -> (artifact id: '5307e8fa19c25a5e7c5651c179c497cf') in 0.017859 seconds
  Import took 0.026054 seconds .

========================================================================
Received Import Request.
  Time since last request: 4.590450 seconds.
  path: Assets/Little Chick/FBX/Toon Chick.FBX
  artifactKey: Guid(e305663a1d36e9c469b164b3b8094239) Importer(815301076,1909f56bfc062723c751e8b465ee728b)
Start importing Assets/Little Chick/FBX/Toon Chick.FBX using Guid(e305663a1d36e9c469b164b3b8094239) Importer(815301076,1909f56bfc062723c751e8b465ee728b)  -> (artifact id: '0b7c5f0f82dd79e35dba0ca8e42be369') in 0.952500 seconds
  Import took 0.963702 seconds .

========================================================================
Received Import Request.
  Time since last request: 0.000368 seconds.
  path: Assets/Little Chick/FBX/Toon Chick@Jump In Place.FBX
  artifactKey: Guid(afb6656e285fa31448bf79c0d6fb7c07) Importer(815301076,1909f56bfc062723c751e8b465ee728b)
Start importing Assets/Little Chick/FBX/Toon Chick@Jump In Place.FBX using Guid(afb6656e285fa31448bf79c0d6fb7c07) Importer(815301076,1909f56bfc062723c751e8b465ee728b)  -> (artifact id: '9fc9356066f69fc201e322d9e031cf7f') in 0.051747 seconds
  Import took 0.061266 seconds .

========================================================================
Received Import Request.
  Time since last request: 0.000439 seconds.
  path: Assets/Little Chick/FBX/Toon Chick@Eat.FBX
  artifactKey: Guid(b1a5039e3393d7342a83b4d892ad2b31) Importer(815301076,1909f56bfc062723c751e8b465ee728b)
Start importing Assets/Little Chick/FBX/Toon Chick@Eat.FBX using Guid(b1a5039e3393d7342a83b4d892ad2b31) Importer(815301076,1909f56bfc062723c751e8b465ee728b)  -> (artifact id: '3d5b4fe639c82a0d3ba271b4d83e3fa3') in 0.047333 seconds
  Import took 0.055478 seconds .

========================================================================
Received Import Request.
  Time since last request: 0.000387 seconds.
  path: Assets/Little Chick/FBX/Toon Chick@Walk In Place.FBX
  artifactKey: Guid(6b762067756042a4bbc2f00124dcee55) Importer(815301076,1909f56bfc062723c751e8b465ee728b)
Start importing Assets/Little Chick/FBX/Toon Chick@Walk In Place.FBX using Guid(6b762067756042a4bbc2f00124dcee55) Importer(815301076,1909f56bfc062723c751e8b465ee728b)  -> (artifact id: 'a6ca885a8673a3f966acaecf4f02901e') in 0.049141 seconds
  Import took 0.057542 seconds .

========================================================================
Received Import Request.
  Time since last request: 0.000368 seconds.
  path: Assets/Little Chick/FBX/Toon Chick@Eat.FBX
  artifactKey: Guid(b1a5039e3393d7342a83b4d892ad2b31) Importer(815301076,1909f56bfc062723c751e8b465ee728b)
Start importing Assets/Little Chick/FBX/Toon Chick@Eat.FBX using Guid(b1a5039e3393d7342a83b4d892ad2b31) Importer(815301076,1909f56bfc062723c751e8b465ee728b)  -> (artifact id: '3d5b4fe639c82a0d3ba271b4d83e3fa3') in 0.047279 seconds
  Import took 0.056928 seconds .

========================================================================
Received Import Request.
  Time since last request: 0.000392 seconds.
  path: Assets/Little Chick/FBX/Toon Chick@Idle.FBX
  artifactKey: Guid(908b76ab19f3a6549939244d4e508e7e) Importer(815301076,1909f56bfc062723c751e8b465ee728b)
Start importing Assets/Little Chick/FBX/Toon Chick@Idle.FBX using Guid(908b76ab19f3a6549939244d4e508e7e) Importer(815301076,1909f56bfc062723c751e8b465ee728b)  -> (artifact id: 'daa8b431810cf7b5ab84ee39caac7b4d') in 0.048088 seconds
  Import took 0.056144 seconds .

========================================================================
Received Import Request.
  Time since last request: 0.000439 seconds.
  path: Assets/Little Chick/FBX/Toon Chick@Run W Root.FBX
  artifactKey: Guid(d72a46941ee36db49aef815cf8947274) Importer(815301076,1909f56bfc062723c751e8b465ee728b)
Start importing Assets/Little Chick/FBX/Toon Chick@Run W Root.FBX using Guid(d72a46941ee36db49aef815cf8947274) Importer(815301076,1909f56bfc062723c751e8b465ee728b)  -> (artifact id: '6b1318224727a0d00746819e481cfa43') in 0.046608 seconds
  Import took 0.054103 seconds .

========================================================================
Received Import Request.
  Time since last request: 0.000369 seconds.
  path: Assets/Little Chick/FBX/Toon Chick@Walk W Root.FBX
  artifactKey: Guid(885795a0812a46949bab0487df27861e) Importer(815301076,1909f56bfc062723c751e8b465ee728b)
Start importing Assets/Little Chick/FBX/Toon Chick@Walk W Root.FBX using Guid(885795a0812a46949bab0487df27861e) Importer(815301076,1909f56bfc062723c751e8b465ee728b)  -> (artifact id: '1a459f044bf54aa35604f0c3f51aebb8') in 0.098490 seconds
  Import took 0.106521 seconds .

========================================================================
Received Import Request.
  Time since last request: 0.000448 seconds.
  path: Assets/Little Chick/FBX/Toon Chick@Jump W Root.FBX
  artifactKey: Guid(794421d5d97b0d846ae0f642391b11be) Importer(815301076,1909f56bfc062723c751e8b465ee728b)
Start importing Assets/Little Chick/FBX/Toon Chick@Jump W Root.FBX using Guid(794421d5d97b0d846ae0f642391b11be) Importer(815301076,1909f56bfc062723c751e8b465ee728b)  -> (artifact id: '5ab10c0573a919c677f5a460cd03dc77') in 0.049936 seconds
  Import took 0.057373 seconds .

========================================================================
Received Import Request.
  Time since last request: 0.000427 seconds.
  path: Assets/Little Chick/FBX/Toon Chick@Run In Place.FBX
  artifactKey: Guid(f62dd92fcf9033941aebbee4794679a3) Importer(815301076,1909f56bfc062723c751e8b465ee728b)
Start importing Assets/Little Chick/FBX/Toon Chick@Run In Place.FBX using Guid(f62dd92fcf9033941aebbee4794679a3) Importer(815301076,1909f56bfc062723c751e8b465ee728b)  -> (artifact id: '4385640859f368299b8c01a25ebbfe9c') in 0.052279 seconds
  Import took 0.060840 seconds .

========================================================================
Received Import Request.
  Time since last request: 69.297451 seconds.
  path: Assets/Little Chick/PPP
  artifactKey: Guid(00598fdce3e77e443a2644126dafac02) Importer(815301076,1909f56bfc062723c751e8b465ee728b)
Start importing Assets/Little Chick/PPP using Guid(00598fdce3e77e443a2644126dafac02) Importer(815301076,1909f56bfc062723c751e8b465ee728b)  -> (artifact id: '5d3a834ec0dc7fca68a348e718c21f25') in 0.012761 seconds
  Import took 0.020636 seconds .

========================================================================
Received Import Request.
  Time since last request: 0.079171 seconds.
  path: Assets/Little Chick/PPP/Chick.asset
  artifactKey: Guid(249b27a64417b9c4498f429453f2de70) Importer(815301076,1909f56bfc062723c751e8b465ee728b)
Start importing Assets/Little Chick/PPP/Chick.asset using Guid(249b27a64417b9c4498f429453f2de70) Importer(815301076,1909f56bfc062723c751e8b465ee728b)  -> (artifact id: '93f137a173d251d0406cd788998eca8f') in 0.019612 seconds
  Import took 0.027856 seconds .

========================================================================
Received Import Request.
  Time since last request: 2.850222 seconds.
  path: Assets/Little Chick/READ ME
  artifactKey: Guid(e297fcbac066eff4f92a79d596ba2af6) Importer(815301076,1909f56bfc062723c751e8b465ee728b)
Start importing Assets/Little Chick/READ ME using Guid(e297fcbac066eff4f92a79d596ba2af6) Importer(815301076,1909f56bfc062723c751e8b465ee728b)  -> (artifact id: 'e17f49978025e769e73316a85c0bac45') in 0.015296 seconds
  Import took 0.022760 seconds .

========================================================================
Received Import Request.
  Time since last request: 1.218662 seconds.
  path: Assets/Little Chick/READ ME/Meshtint Mega Toon Series Read Me .pdf
  artifactKey: Guid(9d9680f149dafa24c89bfdccb038132f) Importer(815301076,1909f56bfc062723c751e8b465ee728b)
Start importing Assets/Little Chick/READ ME/Meshtint Mega Toon Series Read Me .pdf using Guid(9d9680f149dafa24c89bfdccb038132f) Importer(815301076,1909f56bfc062723c751e8b465ee728b)  -> (artifact id: 'aa3e1d89242ade37e8a6ccf57b05ed7a') in 0.020466 seconds
  Import took 0.028161 seconds .

========================================================================
Received Import Request.
  Time since last request: 3.637603 seconds.
  path: Assets/Little Chick/Scenes
  artifactKey: Guid(d28eeb082ed55d44c84466c6574e6f36) Importer(815301076,1909f56bfc062723c751e8b465ee728b)
Start importing Assets/Little Chick/Scenes using Guid(d28eeb082ed55d44c84466c6574e6f36) Importer(815301076,1909f56bfc062723c751e8b465ee728b)  -> (artifact id: 'e4a27e377a008fbedeb577406a0b76a3') in 0.013592 seconds
  Import took 0.023292 seconds .

========================================================================
Received Import Request.
  Time since last request: 1.591711 seconds.
  path: Assets/Little Chick/Scenes/Demo.unity
  artifactKey: Guid(05feee59e0eb48547b3ada9d42a215dd) Importer(815301076,1909f56bfc062723c751e8b465ee728b)
Start importing Assets/Little Chick/Scenes/Demo.unity using Guid(05feee59e0eb48547b3ada9d42a215dd) Importer(815301076,1909f56bfc062723c751e8b465ee728b)  -> (artifact id: 'e9bf0dfa6c5fe1ce5547bce7f15616b4') in 0.015731 seconds
  Import took 0.023138 seconds .

========================================================================
Received Import Request.
  Time since last request: 32.721834 seconds.
  path: Assets/Little Chick/Textures/Mega Toon Chick.psd
  artifactKey: Guid(a0b4dc61a9da74c46be1a100450ef688) Importer(815301076,1909f56bfc062723c751e8b465ee728b)
Start importing Assets/Little Chick/Textures/Mega Toon Chick.psd using Guid(a0b4dc61a9da74c46be1a100450ef688) Importer(815301076,1909f56bfc062723c751e8b465ee728b)  -> (artifact id: 'aac75d7eed74e9a7b534d2422e54ef74') in 0.048236 seconds
  Import took 0.056319 seconds .

========================================================================
Received Import Request.
  Time since last request: 0.878178 seconds.
  path: Assets/Little Chick/Materials/Grass.mat
  artifactKey: Guid(15e5d9495ecb4dc488bb03aeec3313cf) Importer(815301076,1909f56bfc062723c751e8b465ee728b)
Start importing Assets/Little Chick/Materials/Grass.mat using Guid(15e5d9495ecb4dc488bb03aeec3313cf) Importer(815301076,1909f56bfc062723c751e8b465ee728b)  -> (artifact id: '2c60cc9ddb3951651a07079cad187f36') in 0.136603 seconds
  Import took 0.145051 seconds .

========================================================================
Received Import Request.
  Time since last request: 0.000616 seconds.
  path: Assets/Little Chick/Materials/Mega Toon Chick.mat
  artifactKey: Guid(97c0b6c1a6ec7734c93742ce798b8718) Importer(815301076,1909f56bfc062723c751e8b465ee728b)
Start importing Assets/Little Chick/Materials/Mega Toon Chick.mat using Guid(97c0b6c1a6ec7734c93742ce798b8718) Importer(815301076,1909f56bfc062723c751e8b465ee728b)  -> (artifact id: '764c494f93621ad50c3efcd39b7783d0') in 0.020117 seconds
  Import took 0.030549 seconds .

========================================================================
Received Import Request.
  Time since last request: 0.000485 seconds.
  path: Assets/Little Chick/Materials/Ground.mat
  artifactKey: Guid(79eb7fc9df7c0564bb6105e1719991a2) Importer(815301076,1909f56bfc062723c751e8b465ee728b)
Start importing Assets/Little Chick/Materials/Ground.mat using Guid(79eb7fc9df7c0564bb6105e1719991a2) Importer(815301076,1909f56bfc062723c751e8b465ee728b)  -> (artifact id: '920eee1b41d0f100b340010ba26cb6ec') in 0.026734 seconds
  Import took 0.035913 seconds .

========================================================================
Received Import Request.
  Time since last request: 6.449141 seconds.
  path: Assets/Scenes/SampleScene.unity
  artifactKey: Guid(d1c3109bdb54ad54c8a2b2838528e640) Importer(815301076,1909f56bfc062723c751e8b465ee728b)
Start importing Assets/Scenes/SampleScene.unity using Guid(d1c3109bdb54ad54c8a2b2838528e640) Importer(815301076,1909f56bfc062723c751e8b465ee728b)  -> (artifact id: 'd232c7f4dc3dd9d6785e8da6427c6605') in 0.012873 seconds
  Import took 0.019649 seconds .

========================================================================
Received Import Request.
  Time since last request: 19.181078 seconds.
  path: Assets/Restos/Presets/Defaults
  artifactKey: Guid(71ea82b02df99c2439e0dc8e4e1ebc24) Importer(815301076,1909f56bfc062723c751e8b465ee728b)
Start importing Assets/Restos/Presets/Defaults using Guid(71ea82b02df99c2439e0dc8e4e1ebc24) Importer(815301076,1909f56bfc062723c751e8b465ee728b)  -> (artifact id: '1659791dcdca5ac956c816b1f7f84c13') in 0.019458 seconds
  Import took 0.026877 seconds .

AssetImportWorkerClient::OnTransportError - code=2 error=End of file
